{"C:\\Users\\dathakker\\Desktop\\React Ecommerce\\my-ecommerce\\src\\components\\Navbar.tsx": {"path":"C:\\Users\\dathakker\\Desktop\\React Ecommerce\\my-ecommerce\\src\\components\\Navbar.tsx","statementMap":{"0":{"start":{"line":6,"column":38},"end":{"line":50,"column":1}},"1":{"start":{"line":7,"column":40},"end":{"line":7,"column":52}},"2":{"start":{"line":9,"column":29},"end":{"line":14,"column":3}},"3":{"start":{"line":10,"column":4},"end":{"line":10,"column":39}},"4":{"start":{"line":11,"column":4},"end":{"line":13,"column":5}},"5":{"start":{"line":12,"column":6},"end":{"line":12,"column":35}},"6":{"start":{"line":16,"column":2},"end":{"line":49,"column":4}}},"fnMap":{"0":{"name":"(anonymous_0)","decl":{"start":{"line":6,"column":38},"end":{"line":6,"column":39}},"loc":{"start":{"line":6,"column":97},"end":{"line":50,"column":1}},"line":6},"1":{"name":"(anonymous_1)","decl":{"start":{"line":9,"column":29},"end":{"line":9,"column":30}},"loc":{"start":{"line":9,"column":77},"end":{"line":14,"column":3}},"line":9}},"branchMap":{"0":{"loc":{"start":{"line":6,"column":57},"end":{"line":6,"column":80}},"type":"default-arg","locations":[{"start":{"line":6,"column":76},"end":{"line":6,"column":80}}],"line":6},"1":{"loc":{"start":{"line":11,"column":4},"end":{"line":13,"column":5}},"type":"if","locations":[{"start":{"line":11,"column":4},"end":{"line":13,"column":5}},{"start":{},"end":{}}],"line":11},"2":{"loc":{"start":{"line":19,"column":9},"end":{"line":23,"column":9}},"type":"binary-expr","locations":[{"start":{"line":19,"column":9},"end":{"line":19,"column":25}},{"start":{"line":20,"column":10},"end":{"line":22,"column":19}}],"line":19}},"s":{"0":2,"1":23,"2":23,"3":1,"4":1,"5":1,"6":23},"f":{"0":23,"1":1},"b":{"0":[16],"1":[1,0],"2":[23,22]},"_coverageSchema":"1a1c01bbd47fc00a2c39e90264f33305004495a9","hash":"505630fce82dcbac513c5b006910b0f4999e581d"}
,"C:\\Users\\dathakker\\Desktop\\React Ecommerce\\my-ecommerce\\src\\components\\ProductList.tsx": {"path":"C:\\Users\\dathakker\\Desktop\\React Ecommerce\\my-ecommerce\\src\\components\\ProductList.tsx","statementMap":{"0":{"start":{"line":7,"column":48},"end":{"line":95,"column":1}},"1":{"start":{"line":8,"column":34},"end":{"line":8,"column":57}},"2":{"start":{"line":9,"column":50},"end":{"line":9,"column":73}},"3":{"start":{"line":10,"column":40},"end":{"line":10,"column":51}},"4":{"start":{"line":11,"column":26},"end":{"line":11,"column":27}},"5":{"start":{"line":13,"column":2},"end":{"line":17,"column":9}},"6":{"start":{"line":14,"column":4},"end":{"line":16,"column":39}},"7":{"start":{"line":15,"column":24},"end":{"line":15,"column":39}},"8":{"start":{"line":16,"column":20},"end":{"line":16,"column":37}},"9":{"start":{"line":19,"column":2},"end":{"line":41,"column":39}},"10":{"start":{"line":20,"column":19},"end":{"line":20,"column":27}},"11":{"start":{"line":22,"column":4},"end":{"line":24,"column":5}},"12":{"start":{"line":23,"column":6},"end":{"line":23,"column":84}},"13":{"start":{"line":23,"column":44},"end":{"line":23,"column":82}},"14":{"start":{"line":26,"column":4},"end":{"line":28,"column":5}},"15":{"start":{"line":27,"column":6},"end":{"line":27,"column":91}},"16":{"start":{"line":27,"column":44},"end":{"line":27,"column":89}},"17":{"start":{"line":30,"column":4},"end":{"line":32,"column":5}},"18":{"start":{"line":31,"column":6},"end":{"line":31,"column":94}},"19":{"start":{"line":31,"column":44},"end":{"line":31,"column":92}},"20":{"start":{"line":34,"column":4},"end":{"line":34,"column":87}},"21":{"start":{"line":34,"column":42},"end":{"line":34,"column":85}},"22":{"start":{"line":36,"column":4},"end":{"line":38,"column":5}},"23":{"start":{"line":37,"column":6},"end":{"line":37,"column":109}},"24":{"start":{"line":37,"column":44},"end":{"line":37,"column":107}},"25":{"start":{"line":40,"column":4},"end":{"line":40,"column":34}},"26":{"start":{"line":43,"column":29},"end":{"line":43,"column":58}},"27":{"start":{"line":44,"column":30},"end":{"line":44,"column":66}},"28":{"start":{"line":45,"column":26},"end":{"line":45,"column":89}},"29":{"start":{"line":47,"column":19},"end":{"line":47,"column":69}},"30":{"start":{"line":47,"column":43},"end":{"line":47,"column":69}},"31":{"start":{"line":49,"column":26},"end":{"line":53,"column":3}},"32":{"start":{"line":50,"column":22},"end":{"line":50,"column":75}},"33":{"start":{"line":51,"column":29},"end":{"line":51,"column":94}},"34":{"start":{"line":52,"column":4},"end":{"line":52,"column":72}},"35":{"start":{"line":55,"column":2},"end":{"line":94,"column":4}},"36":{"start":{"line":60,"column":10},"end":{"line":79,"column":16}},"37":{"start":{"line":74,"column":29},"end":{"line":74,"column":53}},"38":{"start":{"line":84,"column":10},"end":{"line":90,"column":19}},"39":{"start":{"line":86,"column":27},"end":{"line":86,"column":46}}},"fnMap":{"0":{"name":"(anonymous_0)","decl":{"start":{"line":7,"column":48},"end":{"line":7,"column":49}},"loc":{"start":{"line":7,"column":78},"end":{"line":95,"column":1}},"line":7},"1":{"name":"(anonymous_1)","decl":{"start":{"line":13,"column":12},"end":{"line":13,"column":13}},"loc":{"start":{"line":13,"column":18},"end":{"line":17,"column":3}},"line":13},"2":{"name":"(anonymous_2)","decl":{"start":{"line":15,"column":12},"end":{"line":15,"column":13}},"loc":{"start":{"line":15,"column":24},"end":{"line":15,"column":39}},"line":15},"3":{"name":"(anonymous_3)","decl":{"start":{"line":16,"column":12},"end":{"line":16,"column":13}},"loc":{"start":{"line":16,"column":20},"end":{"line":16,"column":37}},"line":16},"4":{"name":"(anonymous_4)","decl":{"start":{"line":19,"column":12},"end":{"line":19,"column":13}},"loc":{"start":{"line":19,"column":18},"end":{"line":41,"column":3}},"line":19},"5":{"name":"(anonymous_5)","decl":{"start":{"line":23,"column":33},"end":{"line":23,"column":34}},"loc":{"start":{"line":23,"column":44},"end":{"line":23,"column":82}},"line":23},"6":{"name":"(anonymous_6)","decl":{"start":{"line":27,"column":33},"end":{"line":27,"column":34}},"loc":{"start":{"line":27,"column":44},"end":{"line":27,"column":89}},"line":27},"7":{"name":"(anonymous_7)","decl":{"start":{"line":31,"column":33},"end":{"line":31,"column":34}},"loc":{"start":{"line":31,"column":44},"end":{"line":31,"column":92}},"line":31},"8":{"name":"(anonymous_8)","decl":{"start":{"line":34,"column":31},"end":{"line":34,"column":32}},"loc":{"start":{"line":34,"column":42},"end":{"line":34,"column":85}},"line":34},"9":{"name":"(anonymous_9)","decl":{"start":{"line":37,"column":33},"end":{"line":37,"column":34}},"loc":{"start":{"line":37,"column":44},"end":{"line":37,"column":107}},"line":37},"10":{"name":"(anonymous_10)","decl":{"start":{"line":47,"column":19},"end":{"line":47,"column":20}},"loc":{"start":{"line":47,"column":43},"end":{"line":47,"column":69}},"line":47},"11":{"name":"(anonymous_11)","decl":{"start":{"line":49,"column":26},"end":{"line":49,"column":27}},"loc":{"start":{"line":49,"column":48},"end":{"line":53,"column":3}},"line":49},"12":{"name":"(anonymous_12)","decl":{"start":{"line":59,"column":29},"end":{"line":59,"column":30}},"loc":{"start":{"line":60,"column":10},"end":{"line":79,"column":16}},"line":60},"13":{"name":"(anonymous_13)","decl":{"start":{"line":74,"column":23},"end":{"line":74,"column":24}},"loc":{"start":{"line":74,"column":29},"end":{"line":74,"column":53}},"line":74},"14":{"name":"(anonymous_14)","decl":{"start":{"line":83,"column":86},"end":{"line":83,"column":87}},"loc":{"start":{"line":84,"column":10},"end":{"line":90,"column":19}},"line":84},"15":{"name":"(anonymous_15)","decl":{"start":{"line":86,"column":21},"end":{"line":86,"column":22}},"loc":{"start":{"line":86,"column":27},"end":{"line":86,"column":46}},"line":86}},"branchMap":{"0":{"loc":{"start":{"line":22,"column":4},"end":{"line":24,"column":5}},"type":"if","locations":[{"start":{"line":22,"column":4},"end":{"line":24,"column":5}},{"start":{},"end":{}}],"line":22},"1":{"loc":{"start":{"line":26,"column":4},"end":{"line":28,"column":5}},"type":"if","locations":[{"start":{"line":26,"column":4},"end":{"line":28,"column":5}},{"start":{},"end":{}}],"line":26},"2":{"loc":{"start":{"line":30,"column":4},"end":{"line":32,"column":5}},"type":"if","locations":[{"start":{"line":30,"column":4},"end":{"line":32,"column":5}},{"start":{},"end":{}}],"line":30},"3":{"loc":{"start":{"line":36,"column":4},"end":{"line":38,"column":5}},"type":"if","locations":[{"start":{"line":36,"column":4},"end":{"line":38,"column":5}},{"start":{},"end":{}}],"line":36},"4":{"loc":{"start":{"line":50,"column":33},"end":{"line":50,"column":74}},"type":"binary-expr","locations":[{"start":{"line":50,"column":33},"end":{"line":50,"column":66}},{"start":{"line":50,"column":70},"end":{"line":50,"column":74}}],"line":50},"5":{"loc":{"start":{"line":87,"column":56},"end":{"line":87,"column":156}},"type":"cond-expr","locations":[{"start":{"line":87,"column":84},"end":{"line":87,"column":124}},{"start":{"line":87,"column":127},"end":{"line":87,"column":156}}],"line":87}},"s":{"0":1,"1":10,"2":10,"3":10,"4":10,"5":10,"6":3,"7":3,"8":3,"9":10,"10":5,"11":5,"12":5,"13":20,"14":5,"15":5,"16":20,"17":5,"18":5,"19":14,"20":5,"21":12,"22":5,"23":0,"24":0,"25":5,"26":10,"27":10,"28":10,"29":10,"30":0,"31":10,"32":1,"33":1,"34":1,"35":10,"36":11,"37":1,"38":3,"39":0},"f":{"0":10,"1":3,"2":3,"3":3,"4":5,"5":20,"6":20,"7":14,"8":12,"9":0,"10":0,"11":1,"12":11,"13":1,"14":3,"15":0},"b":{"0":[5,0],"1":[5,0],"2":[5,0],"3":[0,5],"4":[1,1],"5":[2,1]},"_coverageSchema":"1a1c01bbd47fc00a2c39e90264f33305004495a9","hash":"08e858e171a6aacb9d23b5a6fddab03c365b0012"}
,"C:\\Users\\dathakker\\Desktop\\React Ecommerce\\my-ecommerce\\src\\components\\StarRating.tsx": {"path":"C:\\Users\\dathakker\\Desktop\\React Ecommerce\\my-ecommerce\\src\\components\\StarRating.tsx","statementMap":{"0":{"start":{"line":5,"column":46},"end":{"line":21,"column":1}},"1":{"start":{"line":6,"column":20},"end":{"line":6,"column":38}},"2":{"start":{"line":7,"column":19},"end":{"line":7,"column":35}},"3":{"start":{"line":8,"column":21},"end":{"line":8,"column":55}},"4":{"start":{"line":10,"column":2},"end":{"line":20,"column":4}},"5":{"start":{"line":13,"column":8},"end":{"line":13,"column":60}},"6":{"start":{"line":17,"column":8},"end":{"line":17,"column":63}}},"fnMap":{"0":{"name":"(anonymous_0)","decl":{"start":{"line":5,"column":46},"end":{"line":5,"column":47}},"loc":{"start":{"line":5,"column":62},"end":{"line":21,"column":1}},"line":5},"1":{"name":"(anonymous_1)","decl":{"start":{"line":12,"column":33},"end":{"line":12,"column":34}},"loc":{"start":{"line":13,"column":8},"end":{"line":13,"column":60}},"line":13},"2":{"name":"(anonymous_2)","decl":{"start":{"line":16,"column":34},"end":{"line":16,"column":35}},"loc":{"start":{"line":17,"column":8},"end":{"line":17,"column":63}},"line":17}},"branchMap":{"0":{"loc":{"start":{"line":8,"column":38},"end":{"line":8,"column":54}},"type":"cond-expr","locations":[{"start":{"line":8,"column":49},"end":{"line":8,"column":50}},{"start":{"line":8,"column":53},"end":{"line":8,"column":54}}],"line":8},"1":{"loc":{"start":{"line":15,"column":7},"end":{"line":15,"column":62}},"type":"binary-expr","locations":[{"start":{"line":15,"column":7},"end":{"line":15,"column":15}},{"start":{"line":15,"column":19},"end":{"line":15,"column":62}}],"line":15}},"s":{"0":1,"1":11,"2":11,"3":11,"4":11,"5":37,"6":16},"f":{"0":11,"1":37,"2":16},"b":{"0":[2,9],"1":[11,2]},"_coverageSchema":"1a1c01bbd47fc00a2c39e90264f33305004495a9","hash":"b268182a36decd7a5b462d93ecc43372541cb242"}
,"C:\\Users\\dathakker\\Desktop\\React Ecommerce\\my-ecommerce\\src\\pages\\Cart.tsx": {"path":"C:\\Users\\dathakker\\Desktop\\React Ecommerce\\my-ecommerce\\src\\pages\\Cart.tsx","statementMap":{"0":{"start":{"line":6,"column":27},"end":{"line":103,"column":1}},"1":{"start":{"line":7,"column":36},"end":{"line":7,"column":60}},"2":{"start":{"line":8,"column":19},"end":{"line":8,"column":32}},"3":{"start":{"line":10,"column":2},"end":{"line":17,"column":9}},"4":{"start":{"line":11,"column":28},"end":{"line":11,"column":81}},"5":{"start":{"line":12,"column":28},"end":{"line":15,"column":7}},"6":{"start":{"line":12,"column":69},"end":{"line":15,"column":5}},"7":{"start":{"line":16,"column":4},"end":{"line":16,"column":34}},"8":{"start":{"line":19,"column":31},"end":{"line":25,"column":3}},"9":{"start":{"line":20,"column":29},"end":{"line":22,"column":5}},"10":{"start":{"line":21,"column":6},"end":{"line":21,"column":74}},"11":{"start":{"line":23,"column":4},"end":{"line":23,"column":35}},"12":{"start":{"line":24,"column":4},"end":{"line":24,"column":72}},"13":{"start":{"line":27,"column":27},"end":{"line":31,"column":3}},"14":{"start":{"line":28,"column":29},"end":{"line":28,"column":69}},"15":{"start":{"line":28,"column":54},"end":{"line":28,"column":68}},"16":{"start":{"line":29,"column":4},"end":{"line":29,"column":35}},"17":{"start":{"line":30,"column":4},"end":{"line":30,"column":72}},"18":{"start":{"line":33,"column":24},"end":{"line":35,"column":3}},"19":{"start":{"line":34,"column":4},"end":{"line":34,"column":95}},"20":{"start":{"line":34,"column":45},"end":{"line":34,"column":79}},"21":{"start":{"line":37,"column":29},"end":{"line":39,"column":3}},"22":{"start":{"line":41,"column":25},"end":{"line":46,"column":3}},"23":{"start":{"line":42,"column":4},"end":{"line":42,"column":68}},"24":{"start":{"line":43,"column":4},"end":{"line":43,"column":41}},"25":{"start":{"line":44,"column":4},"end":{"line":44,"column":21}},"26":{"start":{"line":45,"column":4},"end":{"line":45,"column":26}},"27":{"start":{"line":48,"column":2},"end":{"line":102,"column":4}},"28":{"start":{"line":58,"column":14},"end":{"line":84,"column":20}},"29":{"start":{"line":69,"column":39},"end":{"line":69,"column":94}},"30":{"start":{"line":78,"column":35},"end":{"line":78,"column":60}}},"fnMap":{"0":{"name":"(anonymous_0)","decl":{"start":{"line":6,"column":27},"end":{"line":6,"column":28}},"loc":{"start":{"line":6,"column":33},"end":{"line":103,"column":1}},"line":6},"1":{"name":"(anonymous_1)","decl":{"start":{"line":10,"column":12},"end":{"line":10,"column":13}},"loc":{"start":{"line":10,"column":18},"end":{"line":17,"column":3}},"line":10},"2":{"name":"(anonymous_2)","decl":{"start":{"line":12,"column":48},"end":{"line":12,"column":49}},"loc":{"start":{"line":12,"column":69},"end":{"line":15,"column":5}},"line":12},"3":{"name":"(anonymous_3)","decl":{"start":{"line":19,"column":31},"end":{"line":19,"column":32}},"loc":{"start":{"line":19,"column":65},"end":{"line":25,"column":3}},"line":19},"4":{"name":"(anonymous_4)","decl":{"start":{"line":20,"column":43},"end":{"line":20,"column":44}},"loc":{"start":{"line":21,"column":6},"end":{"line":21,"column":74}},"line":21},"5":{"name":"(anonymous_5)","decl":{"start":{"line":27,"column":27},"end":{"line":27,"column":28}},"loc":{"start":{"line":27,"column":43},"end":{"line":31,"column":3}},"line":27},"6":{"name":"(anonymous_6)","decl":{"start":{"line":28,"column":46},"end":{"line":28,"column":47}},"loc":{"start":{"line":28,"column":54},"end":{"line":28,"column":68}},"line":28},"7":{"name":"(anonymous_7)","decl":{"start":{"line":33,"column":24},"end":{"line":33,"column":25}},"loc":{"start":{"line":33,"column":30},"end":{"line":35,"column":3}},"line":33},"8":{"name":"(anonymous_8)","decl":{"start":{"line":34,"column":28},"end":{"line":34,"column":29}},"loc":{"start":{"line":34,"column":45},"end":{"line":34,"column":79}},"line":34},"9":{"name":"(anonymous_9)","decl":{"start":{"line":37,"column":29},"end":{"line":37,"column":30}},"loc":{"start":{"line":37,"column":35},"end":{"line":39,"column":3}},"line":37},"10":{"name":"(anonymous_10)","decl":{"start":{"line":41,"column":25},"end":{"line":41,"column":26}},"loc":{"start":{"line":41,"column":31},"end":{"line":46,"column":3}},"line":41},"11":{"name":"(anonymous_11)","decl":{"start":{"line":57,"column":27},"end":{"line":57,"column":28}},"loc":{"start":{"line":58,"column":14},"end":{"line":84,"column":20}},"line":58},"12":{"name":"(anonymous_12)","decl":{"start":{"line":69,"column":32},"end":{"line":69,"column":33}},"loc":{"start":{"line":69,"column":39},"end":{"line":69,"column":94}},"line":69},"13":{"name":"(anonymous_13)","decl":{"start":{"line":78,"column":29},"end":{"line":78,"column":30}},"loc":{"start":{"line":78,"column":35},"end":{"line":78,"column":60}},"line":78}},"branchMap":{"0":{"loc":{"start":{"line":11,"column":39},"end":{"line":11,"column":80}},"type":"binary-expr","locations":[{"start":{"line":11,"column":39},"end":{"line":11,"column":72}},{"start":{"line":11,"column":76},"end":{"line":11,"column":80}}],"line":11},"1":{"loc":{"start":{"line":21,"column":6},"end":{"line":21,"column":74}},"type":"cond-expr","locations":[{"start":{"line":21,"column":23},"end":{"line":21,"column":67}},{"start":{"line":21,"column":70},"end":{"line":21,"column":74}}],"line":21},"2":{"loc":{"start":{"line":52,"column":7},"end":{"line":100,"column":7}},"type":"cond-expr","locations":[{"start":{"line":53,"column":8},"end":{"line":53,"column":72}},{"start":{"line":55,"column":8},"end":{"line":99,"column":14}}],"line":52}},"s":{"0":1,"1":16,"2":16,"3":16,"4":6,"5":6,"6":6,"7":6,"8":16,"9":1,"10":1,"11":1,"12":1,"13":16,"14":1,"15":1,"16":1,"17":1,"18":16,"19":6,"20":7,"21":16,"22":16,"23":1,"24":1,"25":1,"26":1,"27":16,"28":7,"29":1,"30":1},"f":{"0":16,"1":6,"2":6,"3":1,"4":1,"5":1,"6":1,"7":6,"8":7,"9":0,"10":1,"11":7,"12":1,"13":1},"b":{"0":[6,1],"1":[1,0],"2":[10,6]},"_coverageSchema":"1a1c01bbd47fc00a2c39e90264f33305004495a9","hash":"3609574b39aab22ab0335b3b30cbf4f041ba7aa3"}
}
