TN:
SF:src\components\Navbar.tsx
FN:6,(anonymous_0)
FN:9,(anonymous_1)
FNF:2
FNH:2
FNDA:23,(anonymous_0)
FNDA:1,(anonymous_1)
DA:6,2
DA:7,23
DA:9,23
DA:10,1
DA:11,1
DA:12,1
DA:16,23
LF:7
LH:7
BRDA:6,0,0,16
BRDA:11,1,0,1
BRDA:11,1,1,0
BRDA:19,2,0,23
BRDA:19,2,1,22
BRF:5
BRH:4
end_of_record
TN:
SF:src\components\ProductList.tsx
FN:7,(anonymous_0)
FN:13,(anonymous_1)
FN:15,(anonymous_2)
FN:16,(anonymous_3)
FN:19,(anonymous_4)
FN:23,(anonymous_5)
FN:27,(anonymous_6)
FN:31,(anonymous_7)
FN:34,(anonymous_8)
FN:37,(anonymous_9)
FN:47,(anonymous_10)
FN:49,(anonymous_11)
FN:59,(anonymous_12)
FN:74,(anonymous_13)
FN:83,(anonymous_14)
FN:86,(anonymous_15)
FNF:16
FNH:13
FNDA:10,(anonymous_0)
FNDA:3,(anonymous_1)
FNDA:3,(anonymous_2)
FNDA:3,(anonymous_3)
FNDA:5,(anonymous_4)
FNDA:20,(anonymous_5)
FNDA:20,(anonymous_6)
FNDA:14,(anonymous_7)
FNDA:12,(anonymous_8)
FNDA:0,(anonymous_9)
FNDA:0,(anonymous_10)
FNDA:1,(anonymous_11)
FNDA:11,(anonymous_12)
FNDA:1,(anonymous_13)
FNDA:3,(anonymous_14)
FNDA:0,(anonymous_15)
DA:7,1
DA:8,10
DA:9,10
DA:10,10
DA:11,10
DA:13,10
DA:14,3
DA:15,3
DA:16,3
DA:19,10
DA:20,5
DA:22,5
DA:23,20
DA:26,5
DA:27,20
DA:30,5
DA:31,14
DA:34,12
DA:36,5
DA:37,0
DA:40,5
DA:43,10
DA:44,10
DA:45,10
DA:47,10
DA:49,10
DA:50,1
DA:51,1
DA:52,1
DA:55,10
DA:60,11
DA:74,1
DA:84,3
DA:86,0
LF:34
LH:32
BRDA:22,0,0,5
BRDA:22,0,1,0
BRDA:26,1,0,5
BRDA:26,1,1,0
BRDA:30,2,0,5
BRDA:30,2,1,0
BRDA:36,3,0,0
BRDA:36,3,1,5
BRDA:50,4,0,1
BRDA:50,4,1,1
BRDA:87,5,0,2
BRDA:87,5,1,1
BRF:12
BRH:8
end_of_record
TN:
SF:src\components\StarRating.tsx
FN:5,(anonymous_0)
FN:12,(anonymous_1)
FN:16,(anonymous_2)
FNF:3
FNH:3
FNDA:11,(anonymous_0)
FNDA:37,(anonymous_1)
FNDA:16,(anonymous_2)
DA:5,1
DA:6,11
DA:7,11
DA:8,11
DA:10,11
DA:13,37
DA:17,16
LF:7
LH:7
BRDA:8,0,0,2
BRDA:8,0,1,9
BRDA:15,1,0,11
BRDA:15,1,1,2
BRF:4
BRH:4
end_of_record
TN:
SF:src\pages\Cart.tsx
FN:6,(anonymous_0)
FN:10,(anonymous_1)
FN:12,(anonymous_2)
FN:19,(anonymous_3)
FN:20,(anonymous_4)
FN:27,(anonymous_5)
FN:28,(anonymous_6)
FN:33,(anonymous_7)
FN:34,(anonymous_8)
FN:37,(anonymous_9)
FN:41,(anonymous_10)
FN:57,(anonymous_11)
FN:69,(anonymous_12)
FN:78,(anonymous_13)
FNF:14
FNH:13
FNDA:16,(anonymous_0)
FNDA:6,(anonymous_1)
FNDA:6,(anonymous_2)
FNDA:1,(anonymous_3)
FNDA:1,(anonymous_4)
FNDA:1,(anonymous_5)
FNDA:1,(anonymous_6)
FNDA:6,(anonymous_7)
FNDA:7,(anonymous_8)
FNDA:0,(anonymous_9)
FNDA:1,(anonymous_10)
FNDA:7,(anonymous_11)
FNDA:1,(anonymous_12)
FNDA:1,(anonymous_13)
DA:6,1
DA:7,16
DA:8,16
DA:10,16
DA:11,6
DA:12,6
DA:16,6
DA:19,16
DA:20,1
DA:21,1
DA:23,1
DA:24,1
DA:27,16
DA:28,1
DA:29,1
DA:30,1
DA:33,16
DA:34,7
DA:37,16
DA:41,16
DA:42,1
DA:43,1
DA:44,1
DA:45,1
DA:48,16
DA:58,7
DA:69,1
DA:78,1
LF:28
LH:28
BRDA:11,0,0,6
BRDA:11,0,1,1
BRDA:21,1,0,1
BRDA:21,1,1,0
BRDA:52,2,0,10
BRDA:52,2,1,6
BRF:6
BRH:5
end_of_record
